<?xml version="1.0" encoding="UTF-8"?>
<testsuite xmlns:xsi="http://www.w3.org/2001/XMLSchema-instance" xsi:noNamespaceSchemaLocation="https://maven.apache.org/surefire/maven-surefire-plugin/xsd/surefire-test-report-3.0.xsd" version="3.0" name="com.azure.security.keyvault.jca.KeyVaultKeyManagerTest" time="0.008" tests="4" errors="0" skipped="4" failures="0">
  <properties/>
  <testcase name="testGetCertificate" classname="com.azure.security.keyvault.jca.KeyVaultJcaProviderTest" time="0">
    <skipped message="Environment variable [AZURE_KEYVAULT_CERTIFICATE_NAME] does not exist"/>
  </testcase>
  <testcase name="testPrivateKey" classname="com.azure.security.keyvault.jca.KeyVaultKeyManagerTest" time="0">
    <skipped message="Environment variable [AZURE_KEYVAULT_CERTIFICATE_NAME] does not exist"/>
  </testcase>
  <testcase name="testGetCertificate" classname="com.azure.security.keyvault.jca.KeyVaultClientTest" time="0">
    <skipped message="Environment variable [AZURE_KEYVAULT_CERTIFICATE_NAME] does not exist"/>
  </testcase>
  <testcase name="testJreKsTrustPeer" classname="com.azure.security.keyvault.jca.JreKeyStoreTest" time="0">
    <skipped message="Environment variable [AZURE_KEYVAULT_CERTIFICATE_NAME] does not exist"/>
  </testcase>
</testsuite>