<?xml version="1.0" encoding="UTF-8"?>
<testsuite xmlns:xsi="http://www.w3.org/2001/XMLSchema-instance" xsi:noNamespaceSchemaLocation="https://maven.apache.org/surefire/maven-surefire-plugin/xsd/surefire-test-report-3.0.xsd" version="3.0" name="com.azure.security.keyvault.jca.implementation.signature.KeyVaultKeylessRsaSignatureTest" time="0.706" tests="2" errors="0" skipped="0" failures="0">
  <properties>
    <property name="azure.keyvault.uri" value="https://fake.vault.azure.net/"/>
    <property name="java.specification.version" value="19"/>
    <property name="sun.jnu.encoding" value="UTF-8"/>
    <property name="java.class.path" value="/Users/xiada/.m2/repository/org/apache/maven/surefire/surefire-shared-utils/3.1.0/surefire-shared-utils-3.1.0.jar:/Users/xiada/.m2/repository/org/apache/maven/surefire/surefire-extensions-spi/3.1.0/surefire-extensions-spi-3.1.0.jar:/Users/xiada/.m2/repository/org/apache/maven/surefire/surefire-api/3.1.0/surefire-api-3.1.0.jar:/Users/xiada/.m2/repository/org/apache/maven/surefire/surefire-logger-api/3.1.0/surefire-logger-api-3.1.0.jar:/Users/xiada/.m2/repository/org/apache/maven/surefire/surefire-booter/3.1.0/surefire-booter-3.1.0.jar:/Users/xiada/Documents/Projects/temp/azure-security-keyvault-jca/target/test-classes:/Users/xiada/Documents/Projects/temp/azure-security-keyvault-jca/target/classes:/Users/xiada/.m2/repository/org/apache/httpcomponents/httpclient/4.5.14/httpclient-4.5.14.jar:/Users/xiada/.m2/repository/org/apache/httpcomponents/httpcore/4.4.16/httpcore-4.4.16.jar:/Users/xiada/.m2/repository/commons-logging/commons-logging/1.2/commons-logging-1.2.jar:/Users/xiada/.m2/repository/commons-codec/commons-codec/1.11/commons-codec-1.11.jar:/Users/xiada/.m2/repository/org/conscrypt/conscrypt-openjdk-uber/2.2.1/conscrypt-openjdk-uber-2.2.1.jar:/Users/xiada/.m2/repository/com/fasterxml/jackson/core/jackson-databind/2.13.5/jackson-databind-2.13.5.jar:/Users/xiada/.m2/repository/com/fasterxml/jackson/core/jackson-annotations/2.13.5/jackson-annotations-2.13.5.jar:/Users/xiada/.m2/repository/com/fasterxml/jackson/core/jackson-core/2.13.5/jackson-core-2.13.5.jar:/Users/xiada/.m2/repository/org/slf4j/slf4j-nop/1.7.36/slf4j-nop-1.7.36.jar:/Users/xiada/.m2/repository/org/slf4j/slf4j-api/1.7.36/slf4j-api-1.7.36.jar:/Users/xiada/.m2/repository/org/mockito/mockito-inline/4.11.0/mockito-inline-4.11.0.jar:/Users/xiada/.m2/repository/org/mockito/mockito-core/4.11.0/mockito-core-4.11.0.jar:/Users/xiada/.m2/repository/net/bytebuddy/byte-buddy/1.12.19/byte-buddy-1.12.19.jar:/Users/xiada/.m2/repository/net/bytebuddy/byte-buddy-agent/1.12.19/byte-buddy-agent-1.12.19.jar:/Users/xiada/.m2/repository/org/objenesis/objenesis/3.3/objenesis-3.3.jar:/Users/xiada/.m2/repository/com/github/spotbugs/spotbugs-annotations/4.2.2/spotbugs-annotations-4.2.2.jar:/Users/xiada/.m2/repository/com/google/code/findbugs/jsr305/3.0.2/jsr305-3.0.2.jar:/Users/xiada/.m2/repository/com/azure/azure-core/1.42.0/azure-core-1.42.0.jar:/Users/xiada/.m2/repository/com/azure/azure-json/1.0.1/azure-json-1.0.1.jar:/Users/xiada/.m2/repository/com/fasterxml/jackson/datatype/jackson-datatype-jsr310/2.13.5/jackson-datatype-jsr310-2.13.5.jar:/Users/xiada/.m2/repository/io/projectreactor/reactor-core/3.4.30/reactor-core-3.4.30.jar:/Users/xiada/.m2/repository/org/reactivestreams/reactive-streams/1.0.4/reactive-streams-1.0.4.jar:/Users/xiada/.m2/repository/org/junit/jupiter/junit-jupiter-api/5.9.3/junit-jupiter-api-5.9.3.jar:/Users/xiada/.m2/repository/org/opentest4j/opentest4j/1.2.0/opentest4j-1.2.0.jar:/Users/xiada/.m2/repository/org/junit/platform/junit-platform-commons/1.9.3/junit-platform-commons-1.9.3.jar:/Users/xiada/.m2/repository/org/apiguardian/apiguardian-api/1.1.2/apiguardian-api-1.1.2.jar:/Users/xiada/.m2/repository/org/junit/jupiter/junit-jupiter-params/5.9.3/junit-jupiter-params-5.9.3.jar:/Users/xiada/.m2/repository/org/junit/jupiter/junit-jupiter-engine/5.9.3/junit-jupiter-engine-5.9.3.jar:/Users/xiada/.m2/repository/org/junit/platform/junit-platform-engine/1.9.3/junit-platform-engine-1.9.3.jar:/Users/xiada/.m2/repository/org/jacoco/org.jacoco.agent/0.8.9/org.jacoco.agent-0.8.9-runtime.jar:/Users/xiada/.m2/repository/org/apache/maven/surefire/surefire-junit-platform/3.1.0/surefire-junit-platform-3.1.0.jar:/Users/xiada/.m2/repository/org/apache/maven/surefire/common-java5/3.1.0/common-java5-3.1.0.jar:/Users/xiada/.m2/repository/org/junit/platform/junit-platform-launcher/1.9.3/junit-platform-launcher-1.9.3.jar"/>
    <property name="java.vm.vendor" value="Amazon.com Inc."/>
    <property name="sun.arch.data.model" value="64"/>
    <property name="java.vendor.url" value="https://aws.amazon.com/corretto/"/>
    <property name="user.timezone" value="Asia/Shanghai"/>
    <property name="os.name" value="Mac OS X"/>
    <property name="java.vm.specification.version" value="19"/>
    <property name="sun.java.launcher" value="SUN_STANDARD"/>
    <property name="user.country" value="CN"/>
    <property name="sun.boot.library.path" value="/Users/xiada/.sdkman/candidates/java/19.0.2-amzn/lib"/>
    <property name="sun.java.command" value="org.apache.maven.surefire.booter.ForkedBooter /Users/xiada/Documents/Projects/temp/azure-security-keyvault-jca/target/surefire 2023-09-07T11-04-04_207-jvmRun1 surefire-20230907110404306_1tmp surefire_0-20230907110404306_2tmp"/>
    <property name="jdk.debug" value="release"/>
    <property name="surefire.test.class.path" value="/Users/xiada/Documents/Projects/temp/azure-security-keyvault-jca/target/test-classes:/Users/xiada/Documents/Projects/temp/azure-security-keyvault-jca/target/classes:/Users/xiada/.m2/repository/org/apache/httpcomponents/httpclient/4.5.14/httpclient-4.5.14.jar:/Users/xiada/.m2/repository/org/apache/httpcomponents/httpcore/4.4.16/httpcore-4.4.16.jar:/Users/xiada/.m2/repository/commons-logging/commons-logging/1.2/commons-logging-1.2.jar:/Users/xiada/.m2/repository/commons-codec/commons-codec/1.11/commons-codec-1.11.jar:/Users/xiada/.m2/repository/org/conscrypt/conscrypt-openjdk-uber/2.2.1/conscrypt-openjdk-uber-2.2.1.jar:/Users/xiada/.m2/repository/com/fasterxml/jackson/core/jackson-databind/2.13.5/jackson-databind-2.13.5.jar:/Users/xiada/.m2/repository/com/fasterxml/jackson/core/jackson-annotations/2.13.5/jackson-annotations-2.13.5.jar:/Users/xiada/.m2/repository/com/fasterxml/jackson/core/jackson-core/2.13.5/jackson-core-2.13.5.jar:/Users/xiada/.m2/repository/org/slf4j/slf4j-nop/1.7.36/slf4j-nop-1.7.36.jar:/Users/xiada/.m2/repository/org/slf4j/slf4j-api/1.7.36/slf4j-api-1.7.36.jar:/Users/xiada/.m2/repository/org/mockito/mockito-inline/4.11.0/mockito-inline-4.11.0.jar:/Users/xiada/.m2/repository/org/mockito/mockito-core/4.11.0/mockito-core-4.11.0.jar:/Users/xiada/.m2/repository/net/bytebuddy/byte-buddy/1.12.19/byte-buddy-1.12.19.jar:/Users/xiada/.m2/repository/net/bytebuddy/byte-buddy-agent/1.12.19/byte-buddy-agent-1.12.19.jar:/Users/xiada/.m2/repository/org/objenesis/objenesis/3.3/objenesis-3.3.jar:/Users/xiada/.m2/repository/com/github/spotbugs/spotbugs-annotations/4.2.2/spotbugs-annotations-4.2.2.jar:/Users/xiada/.m2/repository/com/google/code/findbugs/jsr305/3.0.2/jsr305-3.0.2.jar:/Users/xiada/.m2/repository/com/azure/azure-core/1.42.0/azure-core-1.42.0.jar:/Users/xiada/.m2/repository/com/azure/azure-json/1.0.1/azure-json-1.0.1.jar:/Users/xiada/.m2/repository/com/fasterxml/jackson/datatype/jackson-datatype-jsr310/2.13.5/jackson-datatype-jsr310-2.13.5.jar:/Users/xiada/.m2/repository/io/projectreactor/reactor-core/3.4.30/reactor-core-3.4.30.jar:/Users/xiada/.m2/repository/org/reactivestreams/reactive-streams/1.0.4/reactive-streams-1.0.4.jar:/Users/xiada/.m2/repository/org/junit/jupiter/junit-jupiter-api/5.9.3/junit-jupiter-api-5.9.3.jar:/Users/xiada/.m2/repository/org/opentest4j/opentest4j/1.2.0/opentest4j-1.2.0.jar:/Users/xiada/.m2/repository/org/junit/platform/junit-platform-commons/1.9.3/junit-platform-commons-1.9.3.jar:/Users/xiada/.m2/repository/org/apiguardian/apiguardian-api/1.1.2/apiguardian-api-1.1.2.jar:/Users/xiada/.m2/repository/org/junit/jupiter/junit-jupiter-params/5.9.3/junit-jupiter-params-5.9.3.jar:/Users/xiada/.m2/repository/org/junit/jupiter/junit-jupiter-engine/5.9.3/junit-jupiter-engine-5.9.3.jar:/Users/xiada/.m2/repository/org/junit/platform/junit-platform-engine/1.9.3/junit-platform-engine-1.9.3.jar:/Users/xiada/.m2/repository/org/jacoco/org.jacoco.agent/0.8.9/org.jacoco.agent-0.8.9-runtime.jar:"/>
    <property name="sun.cpu.endian" value="little"/>
    <property name="user.home" value="/Users/xiada"/>
    <property name="user.language" value="en"/>
    <property name="java.specification.vendor" value="Oracle Corporation"/>
    <property name="java.version.date" value="2023-01-17"/>
    <property name="java.home" value="/Users/xiada/.sdkman/candidates/java/19.0.2-amzn"/>
    <property name="junit.jupiter.execution.parallel.mode.default" value="concurrent"/>
    <property name="file.separator" value="/"/>
    <property name="basedir" value="/Users/xiada/Documents/Projects/temp/azure-security-keyvault-jca"/>
    <property name="java.vm.compressedOopsMode" value="Zero based"/>
    <property name="line.separator" value="&#10;"/>
    <property name="java.vm.specification.vendor" value="Oracle Corporation"/>
    <property name="java.specification.name" value="Java Platform API Specification"/>
    <property name="apple.awt.application.name" value="ForkedBooter"/>
    <property name="sun.management.compiler" value="HotSpot 64-Bit Tiered Compilers"/>
    <property name="java.runtime.version" value="19.0.2+7-FR"/>
    <property name="user.name" value="xiada"/>
    <property name="stdout.encoding" value="UTF-8"/>
    <property name="path.separator" value=":"/>
    <property name="os.version" value="13.5.1"/>
    <property name="java.runtime.name" value="OpenJDK Runtime Environment"/>
    <property name="file.encoding" value="UTF-8"/>
    <property name="java.vm.name" value="OpenJDK 64-Bit Server VM"/>
    <property name="java.vendor.version" value="Corretto-19.0.2.7.1"/>
    <property name="junit.jupiter.execution.parallel.enabled" value="true"/>
    <property name="localRepository" value="/Users/xiada/.m2/repository"/>
    <property name="java.vendor.url.bug" value="https://github.com/corretto/corretto-19/issues/"/>
    <property name="azure.keyvault.jca.certificates-refresh-interval-in-ms" value="1000"/>
    <property name="java.io.tmpdir" value="/var/folders/vw/sk46f9gd6bqgznjr2flxl9gw0000gn/T/"/>
    <property name="java.version" value="19.0.2"/>
    <property name="user.dir" value="/Users/xiada/Documents/Projects/temp/azure-security-keyvault-jca"/>
    <property name="os.arch" value="aarch64"/>
    <property name="java.vm.specification.name" value="Java Virtual Machine Specification"/>
    <property name="azure.keyvault.jca.certificates-refresh-interval" value="2000"/>
    <property name="native.encoding" value="UTF-8"/>
    <property name="java.library.path" value="/Users/xiada/Library/Java/Extensions:/Library/Java/Extensions:/Network/Library/Java/Extensions:/System/Library/Java/Extensions:/usr/lib/java:."/>
    <property name="junit.jupiter.extensions.autodetection.enabled" value="true"/>
    <property name="java.vm.info" value="mixed mode, sharing"/>
    <property name="stderr.encoding" value="UTF-8"/>
    <property name="java.vendor" value="Amazon.com Inc."/>
    <property name="java.vm.version" value="19.0.2+7-FR"/>
    <property name="sun.io.unicode.encoding" value="UnicodeBig"/>
    <property name="java.class.version" value="63.0"/>
    <property name="jacoco-agent.destfile" value="/Users/xiada/Documents/Projects/temp/azure-security-keyvault-jca/target/jacoco.exec"/>
  </properties>
  <testcase name="engineSetParameterWithNotPSSParameterSpecTest" classname="com.azure.security.keyvault.jca.implementation.signature.KeyVaultKeylessRsaSignatureTest" time="0.013"/>
  <testcase name="engineSetParameterWithNullAlgorithmTest" classname="com.azure.security.keyvault.jca.implementation.signature.KeyVaultKeylessRsaSignatureTest" time="0.045"/>
</testsuite>