<?xml version="1.0" encoding="UTF-8"?>
<testsuite xmlns:xsi="http://www.w3.org/2001/XMLSchema-instance" xsi:noNamespaceSchemaLocation="https://maven.apache.org/surefire/maven-surefire-plugin/xsd/surefire-test-report-3.0.xsd" version="3.0" name="com.azure.security.keyvault.jca.SpecificPathCertificatesTest" time="0" tests="8" errors="0" skipped="8" failures="0">
  <properties/>
  <testcase name="testGetKeyStore" classname="com.azure.security.keyvault.jca.KeyVaultCertificatesTest" time="0">
    <skipped message="Environment variable [AZURE_KEYVAULT_CERTIFICATE_NAME] does not exist"/>
  </testcase>
  <testcase name="testEngineDeleteEntry" classname="com.azure.security.keyvault.jca.KeyVaultKeyStoreTest" time="0">
    <skipped message="Environment variable [AZURE_KEYVAULT_CERTIFICATE_NAME] does not exist"/>
  </testcase>
  <testcase name="testEngineAliases" classname="com.azure.security.keyvault.jca.KeyVaultKeyStoreTest" time="0">
    <skipped message="Environment variable [AZURE_KEYVAULT_CERTIFICATE_NAME] does not exist"/>
  </testcase>
  <testcase name="testEngineGetCertificate" classname="com.azure.security.keyvault.jca.KeyVaultKeyStoreTest" time="0">
    <skipped message="Environment variable [AZURE_KEYVAULT_CERTIFICATE_NAME] does not exist"/>
  </testcase>
  <testcase name="testGetSpecificPathCertificate" classname="com.azure.security.keyvault.jca.SpecificPathCertificatesTest" time="0">
    <skipped message="Environment variable [AZURE_KEYVAULT_CERTIFICATE_NAME] does not exist"/>
  </testcase>
  <testcase name="testCertificatePriority1" classname="com.azure.security.keyvault.jca.SpecificPathCertificatesTest" time="0">
    <skipped message="Environment variable [AZURE_KEYVAULT_CERTIFICATE_NAME] does not exist"/>
  </testcase>
  <testcase name="testCertificatePriority2" classname="com.azure.security.keyvault.jca.SpecificPathCertificatesTest" time="0">
    <skipped message="Environment variable [AZURE_KEYVAULT_CERTIFICATE_NAME] does not exist"/>
  </testcase>
  <testcase name="testJreKsEntries" classname="com.azure.security.keyvault.jca.JreKeyStoreTest" time="0">
    <skipped message="Environment variable [AZURE_KEYVAULT_CERTIFICATE_NAME] does not exist"/>
  </testcase>
</testsuite>