<?xml version="1.0" encoding="UTF-8"?>
<testsuite xmlns:xsi="http://www.w3.org/2001/XMLSchema-instance" xsi:noNamespaceSchemaLocation="https://maven.apache.org/surefire/maven-surefire-plugin/xsd/surefire-test-report-3.0.xsd" version="3.0" name="com.azure.security.keyvault.jca.KeyVaultKeyStoreTest" time="0.005" tests="5" errors="0" skipped="5" failures="0">
  <properties/>
  <testcase name="testEngineSize" classname="com.azure.security.keyvault.jca.KeyVaultKeyStoreTest" time="0">
    <skipped message="Environment variable [AZURE_KEYVAULT_CERTIFICATE_NAME] does not exist"/>
  </testcase>
  <testcase name="testEngineGetKey" classname="com.azure.security.keyvault.jca.KeyVaultKeyStoreTest" time="0">
    <skipped message="Environment variable [AZURE_KEYVAULT_CERTIFICATE_NAME] does not exist"/>
  </testcase>
  <testcase name="testEngineGetCertificateChain" classname="com.azure.security.keyvault.jca.KeyVaultKeyStoreTest" time="0">
    <skipped message="Environment variable [AZURE_KEYVAULT_CERTIFICATE_NAME] does not exist"/>
  </testcase>
  <testcase name="testNotRefreshEngineGetCertificate" classname="com.azure.security.keyvault.jca.KeyVaultKeyStoreTest" time="0">
    <skipped message="Environment variable [AZURE_KEYVAULT_CERTIFICATE_NAME] does not exist"/>
  </testcase>
  <testcase name="testEngineSetKeyEntry" classname="com.azure.security.keyvault.jca.KeyVaultKeyStoreTest" time="0">
    <skipped message="Environment variable [AZURE_KEYVAULT_CERTIFICATE_NAME] does not exist"/>
  </testcase>
</testsuite>